<?xml version="1.0" encoding="UTF-8"?>
<!-- Generated by org.testng.reporters.JUnitXMLReporter -->
<testsuite ignored="14" hostname="DESKTOP-5JPSO0Q" failures="0" tests="1" name="Default test" time="2.397" errors="0" timestamp="02 Jul 2021 14:30:45 GMT">
  <testcase classname="com.techmojo.web.automation.test.cases.OpenBankingTest" name="@BeforeMethod init" time="0.244">
    <failure type="org.springframework.beans.factory.BeanCreationException" message="Error creating bean with name &amp;apos;firefox&amp;apos; defined in class path resource [com/techmojo/web/automation/config/DriverConfiguration.class]: Bean instantiation via factory method failed; nested exception is org.springframework.beans.BeanInstantiationException: Failed to instantiate [org.openqa.selenium.WebDriver]: Factory method &amp;apos;getFirefoxDriver&amp;apos; threw exception; nested exception is org.openqa.selenium.WebDriverException: Cannot find firefox binary in PATH. Make sure firefox is installed. OS appears to be: WIN10
Build info: version: &amp;apos;3.141.59&amp;apos;, revision: &amp;apos;e82be7d358&amp;apos;, time: &amp;apos;2018-11-14T08:17:03&amp;apos;
System info: host: &amp;apos;DESKTOP-5JPSO0Q&amp;apos;, ip: &amp;apos;192.168.0.100&amp;apos;, os.name: &amp;apos;Windows 10&amp;apos;, os.arch: &amp;apos;amd64&amp;apos;, os.version: &amp;apos;10.0&amp;apos;, java.version: &amp;apos;15.0.1&amp;apos;
Driver info: driver.version: FirefoxDriver">
      <![CDATA[org.springframework.beans.factory.BeanCreationException: Error creating bean with name 'firefox' defined in class path resource [com/techmojo/web/automation/config/DriverConfiguration.class]: Bean instantiation via factory method failed; nested exception is org.springframework.beans.BeanInstantiationException: Failed to instantiate [org.openqa.selenium.WebDriver]: Factory method 'getFirefoxDriver' threw exception; nested exception is org.openqa.selenium.WebDriverException: Cannot find firefox binary in PATH. Make sure firefox is installed. OS appears to be: WIN10
Build info: version: '3.141.59', revision: 'e82be7d358', time: '2018-11-14T08:17:03'
System info: host: 'DESKTOP-5JPSO0Q', ip: '192.168.0.100', os.name: 'Windows 10', os.arch: 'amd64', os.version: '10.0', java.version: '15.0.1'
Driver info: driver.version: FirefoxDriver
at org.springframework.beans.factory.support.ConstructorResolver.instantiate(ConstructorResolver.java:655)
at org.springframework.beans.factory.support.ConstructorResolver.instantiateUsingFactoryMethod(ConstructorResolver.java:483)
at org.springframework.beans.factory.support.AbstractAutowireCapableBeanFactory.instantiateUsingFactoryMethod(AbstractAutowireCapableBeanFactory.java:1336)
at org.springframework.beans.factory.support.AbstractAutowireCapableBeanFactory.createBeanInstance(AbstractAutowireCapableBeanFactory.java:1176)
at org.springframework.beans.factory.support.AbstractAutowireCapableBeanFactory.doCreateBean(AbstractAutowireCapableBeanFactory.java:556)
at org.springframework.beans.factory.support.AbstractAutowireCapableBeanFactory.createBean(AbstractAutowireCapableBeanFactory.java:516)
at org.springframework.beans.factory.support.AbstractBeanFactory.doGetBean(AbstractBeanFactory.java:342)
at org.springframework.beans.factory.support.AbstractBeanFactory.getBean(AbstractBeanFactory.java:207)
at org.springframework.context.support.AbstractApplicationContext.getBean(AbstractApplicationContext.java:1115)
at com.techmojo.web.automation.test.base.TestBase.setBrowser(TestBase.java:39)
at com.techmojo.web.automation.test.cases.OpenBankingTest.init(OpenBankingTest.java:37)
at java.base/jdk.internal.reflect.NativeMethodAccessorImpl.invoke0(Native Method)
at java.base/jdk.internal.reflect.NativeMethodAccessorImpl.invoke(NativeMethodAccessorImpl.java:64)
at java.base/jdk.internal.reflect.DelegatingMethodAccessorImpl.invoke(DelegatingMethodAccessorImpl.java:43)
at java.base/java.lang.reflect.Method.invoke(Method.java:564)
at org.testng.internal.MethodInvocationHelper.invokeMethod(MethodInvocationHelper.java:124)
at org.testng.internal.MethodInvocationHelper.invokeMethodConsideringTimeout(MethodInvocationHelper.java:59)
at org.testng.internal.Invoker.invokeConfigurationMethod(Invoker.java:458)
at org.testng.internal.Invoker.invokeConfigurations(Invoker.java:222)
at org.testng.internal.Invoker.invokeMethod(Invoker.java:523)
at org.testng.internal.Invoker.invokeTestMethod(Invoker.java:719)
at org.testng.internal.Invoker.invokeTestMethods(Invoker.java:989)
at org.testng.internal.TestMethodWorker.invokeTestMethods(TestMethodWorker.java:125)
at org.testng.internal.TestMethodWorker.run(TestMethodWorker.java:109)
at org.testng.TestRunner.privateRun(TestRunner.java:648)
at org.testng.TestRunner.run(TestRunner.java:505)
at org.testng.SuiteRunner.runTest(SuiteRunner.java:455)
at org.testng.SuiteRunner.runSequentially(SuiteRunner.java:450)
at org.testng.SuiteRunner.privateRun(SuiteRunner.java:415)
at org.testng.SuiteRunner.run(SuiteRunner.java:364)
at org.testng.SuiteRunnerWorker.runSuite(SuiteRunnerWorker.java:52)
at org.testng.SuiteRunnerWorker.run(SuiteRunnerWorker.java:84)
at org.testng.TestNG.runSuitesSequentially(TestNG.java:1208)
at org.testng.TestNG.runSuitesLocally(TestNG.java:1137)
at org.testng.TestNG.runSuites(TestNG.java:1049)
at org.testng.TestNG.run(TestNG.java:1017)
at org.testng.remote.AbstractRemoteTestNG.run(AbstractRemoteTestNG.java:115)
at org.testng.remote.RemoteTestNG.initAndRun(RemoteTestNG.java:251)
at org.testng.remote.RemoteTestNG.main(RemoteTestNG.java:77)
Caused by: org.springframework.beans.BeanInstantiationException: Failed to instantiate [org.openqa.selenium.WebDriver]: Factory method 'getFirefoxDriver' threw exception; nested exception is org.openqa.selenium.WebDriverException: Cannot find firefox binary in PATH. Make sure firefox is installed. OS appears to be: WIN10
Build info: version: '3.141.59', revision: 'e82be7d358', time: '2018-11-14T08:17:03'
System info: host: 'DESKTOP-5JPSO0Q', ip: '192.168.0.100', os.name: 'Windows 10', os.arch: 'amd64', os.version: '10.0', java.version: '15.0.1'
Driver info: driver.version: FirefoxDriver
at org.springframework.beans.factory.support.SimpleInstantiationStrategy.instantiate(SimpleInstantiationStrategy.java:185)
at org.springframework.beans.factory.support.ConstructorResolver.instantiate(ConstructorResolver.java:650)
... 38 more
Caused by: org.openqa.selenium.WebDriverException: Cannot find firefox binary in PATH. Make sure firefox is installed. OS appears to be: WIN10
Build info: version: '3.141.59', revision: 'e82be7d358', time: '2018-11-14T08:17:03'
System info: host: 'DESKTOP-5JPSO0Q', ip: '192.168.0.100', os.name: 'Windows 10', os.arch: 'amd64', os.version: '10.0', java.version: '15.0.1'
Driver info: driver.version: FirefoxDriver
at org.openqa.selenium.firefox.FirefoxBinary.<init>(FirefoxBinary.java:100)
at java.base/java.util.Optional.orElseGet(Optional.java:362)
at org.openqa.selenium.firefox.FirefoxOptions.getBinary(FirefoxOptions.java:216)
at org.openqa.selenium.firefox.FirefoxDriver.toExecutor(FirefoxDriver.java:187)
at org.openqa.selenium.firefox.FirefoxDriver.<init>(FirefoxDriver.java:147)
at org.openqa.selenium.firefox.FirefoxDriver.<init>(FirefoxDriver.java:125)
at com.techmojo.web.automation.config.DriverConfiguration.getFirefoxDriver(DriverConfiguration.java:32)
at com.techmojo.web.automation.config.DriverConfiguration$$EnhancerBySpringCGLIB$$45efef7c.CGLIB$getFirefoxDriver$1(<generated>)
at com.techmojo.web.automation.config.DriverConfiguration$$EnhancerBySpringCGLIB$$45efef7c$$FastClassBySpringCGLIB$$8223e90d.invoke(<generated>)
at org.springframework.cglib.proxy.MethodProxy.invokeSuper(MethodProxy.java:244)
at org.springframework.context.annotation.ConfigurationClassEnhancer$BeanMethodInterceptor.intercept(ConfigurationClassEnhancer.java:331)
at com.techmojo.web.automation.config.DriverConfiguration$$EnhancerBySpringCGLIB$$45efef7c.getFirefoxDriver(<generated>)
at java.base/jdk.internal.reflect.NativeMethodAccessorImpl.invoke0(Native Method)
at java.base/jdk.internal.reflect.NativeMethodAccessorImpl.invoke(NativeMethodAccessorImpl.java:64)
at java.base/jdk.internal.reflect.DelegatingMethodAccessorImpl.invoke(DelegatingMethodAccessorImpl.java:43)
at java.base/java.lang.reflect.Method.invoke(Method.java:564)
at org.springframework.beans.factory.support.SimpleInstantiationStrategy.instantiate(SimpleInstantiationStrategy.java:154)
... 39 more
]]>
    </failure>
  </testcase> <!-- @BeforeMethod init -->
  <testcase classname="com.techmojo.web.automation.test.cases.OpenBankingTest" name="@AfterMethod close" time="0.003">
    <failure type="java.lang.NullPointerException" message="Cannot invoke &amp;quot;org.openqa.selenium.WebDriver.close()&amp;quot; because &amp;quot;this.driver&amp;quot; is null">
      <![CDATA[java.lang.NullPointerException: Cannot invoke "org.openqa.selenium.WebDriver.close()" because "this.driver" is null
at com.techmojo.web.automation.test.base.TestBase.flushReports(TestBase.java:63)
at com.techmojo.web.automation.test.cases.OpenBankingTest.close(OpenBankingTest.java:397)
at java.base/jdk.internal.reflect.NativeMethodAccessorImpl.invoke0(Native Method)
at java.base/jdk.internal.reflect.NativeMethodAccessorImpl.invoke(NativeMethodAccessorImpl.java:64)
at java.base/jdk.internal.reflect.DelegatingMethodAccessorImpl.invoke(DelegatingMethodAccessorImpl.java:43)
at java.base/java.lang.reflect.Method.invoke(Method.java:564)
at org.testng.internal.MethodInvocationHelper.invokeMethod(MethodInvocationHelper.java:124)
at org.testng.internal.MethodInvocationHelper.invokeMethodConsideringTimeout(MethodInvocationHelper.java:59)
at org.testng.internal.Invoker.invokeConfigurationMethod(Invoker.java:458)
at org.testng.internal.Invoker.invokeConfigurations(Invoker.java:222)
at org.testng.internal.Invoker.invokeMethod(Invoker.java:536)
at org.testng.internal.Invoker.invokeTestMethod(Invoker.java:719)
at org.testng.internal.Invoker.invokeTestMethods(Invoker.java:989)
at org.testng.internal.TestMethodWorker.invokeTestMethods(TestMethodWorker.java:125)
at org.testng.internal.TestMethodWorker.run(TestMethodWorker.java:109)
at org.testng.TestRunner.privateRun(TestRunner.java:648)
at org.testng.TestRunner.run(TestRunner.java:505)
at org.testng.SuiteRunner.runTest(SuiteRunner.java:455)
at org.testng.SuiteRunner.runSequentially(SuiteRunner.java:450)
at org.testng.SuiteRunner.privateRun(SuiteRunner.java:415)
at org.testng.SuiteRunner.run(SuiteRunner.java:364)
at org.testng.SuiteRunnerWorker.runSuite(SuiteRunnerWorker.java:52)
at org.testng.SuiteRunnerWorker.run(SuiteRunnerWorker.java:84)
at org.testng.TestNG.runSuitesSequentially(TestNG.java:1208)
at org.testng.TestNG.runSuitesLocally(TestNG.java:1137)
at org.testng.TestNG.runSuites(TestNG.java:1049)
at org.testng.TestNG.run(TestNG.java:1017)
at org.testng.remote.AbstractRemoteTestNG.run(AbstractRemoteTestNG.java:115)
at org.testng.remote.RemoteTestNG.initAndRun(RemoteTestNG.java:251)
at org.testng.remote.RemoteTestNG.main(RemoteTestNG.java:77)
]]>
    </failure>
  </testcase> <!-- @AfterMethod close -->
  <testcase classname="com.techmojo.web.automation.test.cases.OpenBankingTest" name="testMessages" time="0.0">
    <skipped/>
  </testcase> <!-- testMessages -->
  <testcase classname="com.techmojo.web.automation.test.cases.OpenBankingTest" name="testLoginPasswordInvalid" time="0.0">
    <ignored/>
  </testcase> <!-- testLoginPasswordInvalid -->
  <testcase classname="com.techmojo.web.automation.test.cases.OpenBankingTest" name="testLoginUsernameEmpty" time="0.0">
    <ignored/>
  </testcase> <!-- testLoginUsernameEmpty -->
  <testcase classname="com.techmojo.web.automation.test.cases.OpenBankingTest" name="testMyProfile" time="0.0">
    <ignored/>
  </testcase> <!-- testMyProfile -->
  <testcase classname="com.techmojo.web.automation.test.cases.OpenBankingTest" name="testLoginUsernameFail1" time="0.0">
    <ignored/>
  </testcase> <!-- testLoginUsernameFail1 -->
  <testcase classname="com.techmojo.web.automation.test.cases.OpenBankingTest" name="testLoginUsernameFail" time="0.0">
    <ignored/>
  </testcase> <!-- testLoginUsernameFail -->
  <testcase classname="com.techmojo.web.automation.test.cases.OpenBankingTest" name="testLoginSucess" time="0.0">
    <ignored/>
  </testcase> <!-- testLoginSucess -->
  <testcase classname="com.techmojo.web.automation.test.cases.OpenBankingTest" name="testOtpExpiry" time="0.0">
    <ignored/>
  </testcase> <!-- testOtpExpiry -->
  <testcase classname="com.techmojo.web.automation.test.cases.OpenBankingTest" name="testStatement1" time="0.0">
    <ignored/>
  </testcase> <!-- testStatement1 -->
  <testcase classname="com.techmojo.web.automation.test.cases.OpenBankingTest" name="testStatementE2E" time="0.0">
    <ignored/>
  </testcase> <!-- testStatementE2E -->
  <testcase classname="com.techmojo.web.automation.test.cases.OpenBankingTest" name="testOtpSuccess" time="0.0">
    <ignored/>
  </testcase> <!-- testOtpSuccess -->
  <testcase classname="com.techmojo.web.automation.test.cases.OpenBankingTest" name="testOtpFailure" time="0.0">
    <ignored/>
  </testcase> <!-- testOtpFailure -->
  <testcase classname="com.techmojo.web.automation.test.cases.OpenBankingTest" name="testLoginPasswordEmpty" time="0.0">
    <ignored/>
  </testcase> <!-- testLoginPasswordEmpty -->
  <testcase classname="com.techmojo.web.automation.test.cases.OpenBankingTest" name="testStatement" time="0.0">
    <ignored/>
  </testcase> <!-- testStatement -->
  <testcase classname="com.techmojo.web.automation.test.cases.OpenBankingTest" name="testBulkPayment" time="0.0">
    <ignored/>
  </testcase> <!-- testBulkPayment -->
</testsuite> <!-- Default test -->
